<?xml version="1.0" encoding="UTF-8"?>
<!-- Generated by org.testng.reporters.JUnitReportReporter -->
<testsuite hostname="DESKTOP-TJ3BED7" name="driverFactory.Script" tests="1" failures="0" timestamp="20 Sep 2022 07:56:19 GMT" time="20.568" errors="0">
  <testcase name="startTest" time="20.568" classname="driverFactory.Script"/>
</testsuite> <!-- driverFactory.Script -->
