<?xml version="1.0" encoding="UTF-8"?>
<!-- Generated by org.testng.reporters.JUnitReportReporter -->
<testsuite hostname="DESKTOP-TJ3BED7" name="driverFactory.chustham" tests="1" failures="0" timestamp="18 Sep 2022 09:51:09 GMT" time="1.468" errors="0">
  <testcase name="startTest" time="1.468" classname="driverFactory.chustham"/>
</testsuite> <!-- driverFactory.chustham -->
