<?xml version="1.0" encoding="UTF-8"?>
<!-- Generated by org.testng.reporters.JUnitReportReporter -->
<testsuite hostname="DESKTOP-TJ3BED7" failures="0" tests="1" name="driverFactory.driverScript" time="111.207" errors="0" timestamp="24 Sep 2022 10:59:14 GMT" skipped="0">
  <testcase classname="driverFactory.driverScript" name="starttest" time="111.207"/>
</testsuite> <!-- driverFactory.driverScript -->
